<?xml version="1.0" encoding="utf-8"?>
<!DOCTYPE coverage SYSTEM "http://cobertura.sourceforge.net/xml/coverage-04.dtd">
<coverage line-rate="0.816326530612245" branch-rate="0.916666666666667" lines-covered="80" lines-valid="98" branches-covered="11" branches-valid="12" complexity="30" version="0" timestamp="1694813598">
  <sources>
    <source>C:\</source>
  </sources>
  <packages>
    <package name="Application" line-rate="0.66" branch-rate="0.916666666666667" complexity="19">
      <classes>
        <class name="Application.DependencyInjection" filename="C:\Test\UseCaseOne\Application\DependencyInjection.cs" line-rate="0" branch-rate="1" complexity="1">
          <methods>
            <method name="AddApplication" signature="(...)" line-rate="0" branch-rate="1" complexity="1">
              <lines>
                <line number="10" hits="0" branch="false" />
                <line number="11" hits="0" branch="false" />
                <line number="12" hits="0" branch="false" />
              </lines>
            </method>
          </methods>
          <lines>
            <line number="10" hits="0" branch="false" />
            <line number="11" hits="0" branch="false" />
            <line number="12" hits="0" branch="false" />
          </lines>
        </class>
        <class name="Application.Filters.CountryFilter" filename="C:\Test\UseCaseOne\Application\Filters\CountryFilter.cs" line-rate="1" branch-rate="0.916666666666667" complexity="12">
          <methods>
            <method name="Search" signature="(...)" line-rate="1" branch-rate="1" complexity="2">
              <lines>
                <line number="9" hits="1" branch="false" />
                <line number="10" hits="1" branch="true" condition-coverage="100% (2/2)" />
                <line number="11" hits="1" branch="false" />
                <line number="12" hits="1" branch="false" />
                <line number="13" hits="2" branch="false" />
                <line number="14" hits="1" branch="false" />
                <line number="15" hits="1" branch="false" />
                <line number="17" hits="1" branch="false" />
                <line number="18" hits="1" branch="false" />
              </lines>
            </method>
            <method name="PopulationFilter" signature="(...)" line-rate="1" branch-rate="0.75" complexity="4">
              <lines>
                <line number="21" hits="1" branch="false" />
                <line number="22" hits="1" branch="true" condition-coverage="100% (2/2)" />
                <line number="23" hits="1" branch="false" />
                <line number="24" hits="1" branch="false" />
                <line number="25" hits="2" branch="true" condition-coverage="50% (1/2)" />
                <line number="26" hits="1" branch="false" />
                <line number="27" hits="1" branch="false" />
                <line number="29" hits="1" branch="false" />
                <line number="30" hits="1" branch="false" />
              </lines>
            </method>
            <method name="Sort" signature="(...)" line-rate="1" branch-rate="1" complexity="4">
              <lines>
                <line number="33" hits="3" branch="true" condition-coverage="100% (4/4)" />
                <line number="34" hits="3" branch="false" />
                <line number="35" hits="3" branch="false" />
                <line number="36" hits="3" branch="false" />
                <line number="37" hits="1" branch="false" />
                <line number="38" hits="3" branch="false" />
              </lines>
            </method>
            <method name="Pagination" signature="(...)" line-rate="1" branch-rate="1" complexity="2">
              <lines>
                <line number="41" hits="1" branch="false" />
                <line number="42" hits="1" branch="true" condition-coverage="100% (2/2)" />
                <line number="43" hits="1" branch="false" />
                <line number="44" hits="1" branch="false" />
                <line number="45" hits="1" branch="false" />
                <line number="46" hits="1" branch="false" />
                <line number="47" hits="1" branch="false" />
                <line number="49" hits="1" branch="false" />
                <line number="50" hits="1" branch="false" />
              </lines>
            </method>
          </methods>
          <lines>
            <line number="9" hits="1" branch="false" />
            <line number="10" hits="1" branch="true" condition-coverage="100% (2/2)" />
            <line number="11" hits="1" branch="false" />
            <line number="12" hits="1" branch="false" />
            <line number="13" hits="2" branch="false" />
            <line number="14" hits="1" branch="false" />
            <line number="15" hits="1" branch="false" />
            <line number="17" hits="1" branch="false" />
            <line number="18" hits="1" branch="false" />
            <line number="21" hits="1" branch="false" />
            <line number="22" hits="1" branch="true" condition-coverage="100% (2/2)" />
            <line number="23" hits="1" branch="false" />
            <line number="24" hits="1" branch="false" />
            <line number="25" hits="2" branch="true" condition-coverage="50% (1/2)" />
            <line number="26" hits="1" branch="false" />
            <line number="27" hits="1" branch="false" />
            <line number="29" hits="1" branch="false" />
            <line number="30" hits="1" branch="false" />
            <line number="33" hits="3" branch="true" condition-coverage="100% (4/4)" />
            <line number="34" hits="3" branch="false" />
            <line number="35" hits="3" branch="false" />
            <line number="36" hits="3" branch="false" />
            <line number="37" hits="1" branch="false" />
            <line number="38" hits="3" branch="false" />
            <line number="41" hits="1" branch="false" />
            <line number="42" hits="1" branch="true" condition-coverage="100% (2/2)" />
            <line number="43" hits="1" branch="false" />
            <line number="44" hits="1" branch="false" />
            <line number="45" hits="1" branch="false" />
            <line number="46" hits="1" branch="false" />
            <line number="47" hits="1" branch="false" />
            <line number="49" hits="1" branch="false" />
            <line number="50" hits="1" branch="false" />
          </lines>
        </class>
        <class name="Application.Queries.GetCountriesQuery" filename="C:\Test\UseCaseOne\Application\Queries\GetCountriesQuery.cs" line-rate="0" branch-rate="1" complexity="4">
          <methods>
            <method name="get_Search" signature="()" line-rate="0" branch-rate="1" complexity="1">
              <lines>
                <line number="11" hits="0" branch="false" />
              </lines>
            </method>
            <method name="get_PopulationFilter" signature="()" line-rate="0" branch-rate="1" complexity="1">
              <lines>
                <line number="12" hits="0" branch="false" />
              </lines>
            </method>
            <method name="get_Sort" signature="()" line-rate="0" branch-rate="1" complexity="1">
              <lines>
                <line number="13" hits="0" branch="false" />
              </lines>
            </method>
            <method name="get_CountriesCount" signature="()" line-rate="0" branch-rate="1" complexity="1">
              <lines>
                <line number="14" hits="0" branch="false" />
              </lines>
            </method>
          </methods>
          <lines>
            <line number="11" hits="0" branch="false" />
            <line number="12" hits="0" branch="false" />
            <line number="13" hits="0" branch="false" />
            <line number="14" hits="0" branch="false" />
          </lines>
        </class>
        <class name="Application.Queries.GetCountriesQueryHandler" filename="C:\Test\UseCaseOne\Application\Queries\GetCountriesQuery.cs" line-rate="0" branch-rate="1" complexity="2">
          <methods>
            <method name=".ctor" signature="(...)" line-rate="0" branch-rate="1" complexity="1">
              <lines>
                <line number="21" hits="0" branch="false" />
                <line number="22" hits="0" branch="false" />
              </lines>
            </method>
            <method name="Handle" signature="()" line-rate="0" branch-rate="1" complexity="1">
              <lines>
                <line number="25" hits="0" branch="false" />
                <line number="26" hits="0" branch="false" />
                <line number="28" hits="0" branch="false" />
                <line number="29" hits="0" branch="false" />
                <line number="30" hits="0" branch="false" />
                <line number="31" hits="0" branch="false" />
                <line number="32" hits="0" branch="false" />
                <line number="33" hits="0" branch="false" />
              </lines>
            </method>
          </methods>
          <lines>
            <line number="21" hits="0" branch="false" />
            <line number="22" hits="0" branch="false" />
            <line number="25" hits="0" branch="false" />
            <line number="26" hits="0" branch="false" />
            <line number="28" hits="0" branch="false" />
            <line number="29" hits="0" branch="false" />
            <line number="30" hits="0" branch="false" />
            <line number="31" hits="0" branch="false" />
            <line number="32" hits="0" branch="false" />
            <line number="33" hits="0" branch="false" />
          </lines>
        </class>
      </classes>
    </package>
    <package name="Domain" line-rate="1" branch-rate="1" complexity="4">
      <classes>
        <class name="Domain.Entities.Country" filename="C:\Test\UseCaseOne\Domain\Entities\Country.cs" line-rate="1" branch-rate="1" complexity="2">
          <methods>
            <method name="get_Name" signature="()" line-rate="1" branch-rate="1" complexity="1">
              <lines>
                <line number="5" hits="16" branch="false" />
              </lines>
            </method>
            <method name="get_Population" signature="()" line-rate="1" branch-rate="1" complexity="1">
              <lines>
                <line number="6" hits="4" branch="false" />
              </lines>
            </method>
          </methods>
          <lines>
            <line number="5" hits="16" branch="false" />
            <line number="6" hits="4" branch="false" />
          </lines>
        </class>
        <class name="Domain.Entities.CountryName" filename="C:\Test\UseCaseOne\Domain\Entities\CountryName.cs" line-rate="1" branch-rate="1" complexity="2">
          <methods>
            <method name="get_Common" signature="()" line-rate="1" branch-rate="1" complexity="1">
              <lines>
                <line number="5" hits="18" branch="false" />
              </lines>
            </method>
            <method name="get_Official" signature="()" line-rate="1" branch-rate="1" complexity="1">
              <lines>
                <line number="6" hits="6" branch="false" />
              </lines>
            </method>
          </methods>
          <lines>
            <line number="5" hits="18" branch="false" />
            <line number="6" hits="6" branch="false" />
          </lines>
        </class>
      </classes>
    </package>
    <package name="Tests" line-rate="0.977272727272727" branch-rate="1" complexity="7">
      <classes>
        <class name="AutoGeneratedProgram" filename="C:\Users\AParaschuk\.nuget\packages\microsoft.net.test.sdk\17.5.0\build\netcoreapp3.1\Microsoft.NET.Test.Sdk.Program.cs" line-rate="0" branch-rate="1" complexity="1">
          <methods>
            <method name="Main" signature="(...)" line-rate="0" branch-rate="1" complexity="1">
              <lines>
                <line number="4" hits="0" branch="false" />
              </lines>
            </method>
          </methods>
          <lines>
            <line number="4" hits="0" branch="false" />
          </lines>
        </class>
        <class name="Tests.Filters.CountryFilterTests" filename="C:\Test\UseCaseOne\Tests\Filters\CountryFilterTests.cs" line-rate="1" branch-rate="1" complexity="6">
          <methods>
            <method name="Search_ShouldReturnCountriesBySearch" signature="()" line-rate="1" branch-rate="1" complexity="1">
              <lines>
                <line number="14" hits="1" branch="false" />
                <line number="18" hits="1" branch="false" />
                <line number="21" hits="1" branch="false" />
                <line number="22" hits="2" branch="false" />
                <line number="23" hits="1" branch="false" />
              </lines>
            </method>
            <method name="PopulationFilter_ShouldReturnCountriesByFilter" signature="()" line-rate="1" branch-rate="1" complexity="1">
              <lines>
                <line number="27" hits="1" branch="false" />
                <line number="31" hits="1" branch="false" />
                <line number="34" hits="1" branch="false" />
                <line number="35" hits="2" branch="false" />
                <line number="36" hits="1" branch="false" />
              </lines>
            </method>
            <method name="Sort_ShouldReturnSortCountries" signature="(...)" line-rate="1" branch-rate="1" complexity="1">
              <lines>
                <line number="43" hits="3" branch="false" />
                <line number="47" hits="3" branch="false" />
                <line number="50" hits="3" branch="false" />
                <line number="51" hits="3" branch="false" />
                <line number="52" hits="3" branch="false" />
              </lines>
            </method>
            <method name="Pagination_ShouldReturnPaginatedCountries" signature="()" line-rate="1" branch-rate="1" complexity="1">
              <lines>
                <line number="56" hits="1" branch="false" />
                <line number="60" hits="1" branch="false" />
                <line number="63" hits="1" branch="false" />
                <line number="64" hits="1" branch="false" />
                <line number="65" hits="2" branch="false" />
                <line number="66" hits="1" branch="false" />
              </lines>
            </method>
            <method name="GetCountries" signature="()" line-rate="1" branch-rate="1" complexity="1">
              <lines>
                <line number="69" hits="1" branch="false" />
                <line number="70" hits="1" branch="false" />
                <line number="71" hits="1" branch="false" />
                <line number="72" hits="1" branch="false" />
                <line number="73" hits="1" branch="false" />
                <line number="74" hits="1" branch="false" />
                <line number="75" hits="1" branch="false" />
                <line number="76" hits="1" branch="false" />
                <line number="77" hits="1" branch="false" />
                <line number="78" hits="1" branch="false" />
                <line number="79" hits="1" branch="false" />
                <line number="80" hits="1" branch="false" />
                <line number="81" hits="1" branch="false" />
                <line number="82" hits="1" branch="false" />
                <line number="83" hits="1" branch="false" />
                <line number="84" hits="1" branch="false" />
                <line number="85" hits="1" branch="false" />
                <line number="86" hits="1" branch="false" />
                <line number="87" hits="1" branch="false" />
                <line number="88" hits="1" branch="false" />
                <line number="89" hits="1" branch="false" />
              </lines>
            </method>
            <method name=".cctor" signature="()" line-rate="1" branch-rate="1" complexity="1">
              <lines>
                <line number="10" hits="1" branch="false" />
              </lines>
            </method>
          </methods>
          <lines>
            <line number="10" hits="1" branch="false" />
            <line number="14" hits="1" branch="false" />
            <line number="18" hits="1" branch="false" />
            <line number="21" hits="1" branch="false" />
            <line number="22" hits="2" branch="false" />
            <line number="23" hits="1" branch="false" />
            <line number="27" hits="1" branch="false" />
            <line number="31" hits="1" branch="false" />
            <line number="34" hits="1" branch="false" />
            <line number="35" hits="2" branch="false" />
            <line number="36" hits="1" branch="false" />
            <line number="43" hits="3" branch="false" />
            <line number="47" hits="3" branch="false" />
            <line number="50" hits="3" branch="false" />
            <line number="51" hits="3" branch="false" />
            <line number="52" hits="3" branch="false" />
            <line number="56" hits="1" branch="false" />
            <line number="60" hits="1" branch="false" />
            <line number="63" hits="1" branch="false" />
            <line number="64" hits="1" branch="false" />
            <line number="65" hits="2" branch="false" />
            <line number="66" hits="1" branch="false" />
            <line number="69" hits="1" branch="false" />
            <line number="70" hits="1" branch="false" />
            <line number="71" hits="1" branch="false" />
            <line number="72" hits="1" branch="false" />
            <line number="73" hits="1" branch="false" />
            <line number="74" hits="1" branch="false" />
            <line number="75" hits="1" branch="false" />
            <line number="76" hits="1" branch="false" />
            <line number="77" hits="1" branch="false" />
            <line number="78" hits="1" branch="false" />
            <line number="79" hits="1" branch="false" />
            <line number="80" hits="1" branch="false" />
            <line number="81" hits="1" branch="false" />
            <line number="82" hits="1" branch="false" />
            <line number="83" hits="1" branch="false" />
            <line number="84" hits="1" branch="false" />
            <line number="85" hits="1" branch="false" />
            <line number="86" hits="1" branch="false" />
            <line number="87" hits="1" branch="false" />
            <line number="88" hits="1" branch="false" />
            <line number="89" hits="1" branch="false" />
          </lines>
        </class>
      </classes>
    </package>
  </packages>
</coverage>